IEPeruanoSuizo/app/build/intermediates/manifest_merge_blame_file/release/processReleaseMainManifest/manifest-merger-blame-release-report.txt
1<?xml version="1.0" encoding="utf-8"?>
2<manifest xmlns:android="http://schemas.android.com/apk/res/android"
3    package="com.example.ieperuanosuizoapp"
4    android:versionCode="1"
5    android:versionName="1.0" >
6
7    <uses-sdk
7-->INJECTED
8        android:minSdkVersion="24"
8-->INJECTED
9        android:targetSdkVersion="34" />
9-->INJECTED
10
11    <uses-feature
11-->src\main\AndroidManifest.xml:5:5-7:36
12        android:name="android.hardware.camera"
12-->src\main\AndroidManifest.xml:6:9-47
13        android:required="false" />
13-->src\main\AndroidManifest.xml:7:9-33
14
15    <uses-permission android:name="android.permission.CAMERA" />
15-->src\main\AndroidManifest.xml:8:5-65
15-->src\main\AndroidManifest.xml:8:22-62
16    <uses-permission android:name="android.permission.INTERNET" />
16-->src\main\AndroidManifest.xml:9:5-67
16-->src\main\AndroidManifest.xml:9:22-64
17    <uses-permission android:name="android.permission.ACCESS_NETWORK_STATE" />
17-->src\main\AndroidManifest.xml:10:5-79
17-->src\main\AndroidManifest.xml:10:22-76
18
19    <permission
19-->[androidx.core:core:1.9.0] AndroidManifest.xml:22:5-24:47
20        android:name="com.example.ieperuanosuizoapp.DYNAMIC_RECEIVER_NOT_EXPORTED_PERMISSION"
20-->[androidx.core:core:1.9.0] AndroidManifest.xml:23:9-81
21        android:protectionLevel="signature" />
21-->[androidx.core:core:1.9.0] AndroidManifest.xml:24:9-44
22
23    <uses-permission android:name="com.example.ieperuanosuizoapp.DYNAMIC_RECEIVER_NOT_EXPORTED_PERMISSION" />
23-->[androidx.core:core:1.9.0] AndroidManifest.xml:26:5-97
23-->[androidx.core:core:1.9.0] AndroidManifest.xml:26:22-94
24
25    <application
25-->src\main\AndroidManifest.xml:12:5-71:19
26        android:allowBackup="true"
26-->src\main\AndroidManifest.xml:13:9-35
27        android:appComponentFactory="androidx.core.app.CoreComponentFactory"
27-->[androidx.core:core:1.9.0] AndroidManifest.xml:28:18-86
28        android:dataExtractionRules="@xml/data_extraction_rules"
28-->src\main\AndroidManifest.xml:14:9-65
29        android:extractNativeLibs="false"
29-->INJECTED
30        android:fullBackupContent="@xml/backup_rules"
30-->src\main\AndroidManifest.xml:15:9-54
31        android:icon="@mipmap/ic_launcher"
31-->src\main\AndroidManifest.xml:16:9-43
32        android:label="@string/app_name"
32-->src\main\AndroidManifest.xml:17:9-41
33        android:roundIcon="@mipmap/ic_launcher_round"
33-->src\main\AndroidManifest.xml:18:9-54
34        android:supportsRtl="true"
34-->src\main\AndroidManifest.xml:19:9-35
35        android:theme="@style/Theme.IEPeruanoSuizoAPP"
35-->src\main\AndroidManifest.xml:20:9-55
36        android:usesCleartextTraffic="true" >
36-->src\main\AndroidManifest.xml:21:9-44
37        <activity
37-->src\main\AndroidManifest.xml:22:9-25:55
38            android:name="com.example.ieperuanosuizoapp.PanelAsistencia"
38-->src\main\AndroidManifest.xml:23:13-44
39            android:exported="false"
39-->src\main\AndroidManifest.xml:24:13-37
40            android:windowSoftInputMode="adjustPan" />
40-->src\main\AndroidManifest.xml:25:13-52
41        <activity
41-->src\main\AndroidManifest.xml:26:9-28:40
42            android:name="com.example.ieperuanosuizoapp.ViewApariencia"
42-->src\main\AndroidManifest.xml:27:13-43
43            android:exported="false" />
43-->src\main\AndroidManifest.xml:28:13-37
44        <activity
44-->src\main\AndroidManifest.xml:29:9-31:40
45            android:name="com.example.ieperuanosuizoapp.UserProfile"
45-->src\main\AndroidManifest.xml:30:13-40
46            android:exported="false" />
46-->src\main\AndroidManifest.xml:31:13-37
47        <activity
47-->src\main\AndroidManifest.xml:32:9-34:40
48            android:name="com.example.ieperuanosuizoapp.CursosActivity"
48-->src\main\AndroidManifest.xml:33:13-43
49            android:exported="false" />
49-->src\main\AndroidManifest.xml:34:13-37
50        <activity
50-->src\main\AndroidManifest.xml:35:9-37:40
51            android:name="com.example.ieperuanosuizoapp.HomeActivity"
51-->src\main\AndroidManifest.xml:36:13-41
52            android:exported="false" />
52-->src\main\AndroidManifest.xml:37:13-37
53        <activity
53-->src\main\AndroidManifest.xml:38:9-46:20
54            android:name="com.example.ieperuanosuizoapp.PresentationActivity"
54-->src\main\AndroidManifest.xml:39:13-49
55            android:exported="true" >
55-->src\main\AndroidManifest.xml:40:13-36
56            <intent-filter>
56-->src\main\AndroidManifest.xml:41:13-45:29
57                <action android:name="android.intent.action.MAIN" />
57-->src\main\AndroidManifest.xml:42:17-69
57-->src\main\AndroidManifest.xml:42:25-66
58
59                <category android:name="android.intent.category.LAUNCHER" />
59-->src\main\AndroidManifest.xml:44:17-77
59-->src\main\AndroidManifest.xml:44:27-74
60            </intent-filter>
61        </activity>
62        <activity
62-->src\main\AndroidManifest.xml:47:9-49:40
63            android:name="com.example.ieperuanosuizoapp.SkipCreateAcount"
63-->src\main\AndroidManifest.xml:48:13-45
64            android:exported="false" />
64-->src\main\AndroidManifest.xml:49:13-37
65        <activity
65-->src\main\AndroidManifest.xml:50:9-52:40
66            android:name="com.example.ieperuanosuizoapp.SuccessfullyRegister"
66-->src\main\AndroidManifest.xml:51:13-49
67            android:exported="false" />
67-->src\main\AndroidManifest.xml:52:13-37
68        <activity
68-->src\main\AndroidManifest.xml:53:9-55:40
69            android:name="com.example.ieperuanosuizoapp.RegisterCamBiometric"
69-->src\main\AndroidManifest.xml:54:13-49
70            android:exported="false" />
70-->src\main\AndroidManifest.xml:55:13-37
71        <activity
71-->src\main\AndroidManifest.xml:56:9-58:40
72            android:name="com.example.ieperuanosuizoapp.RegisterBiometric"
72-->src\main\AndroidManifest.xml:57:13-46
73            android:exported="false" />
73-->src\main\AndroidManifest.xml:58:13-37
74        <activity
74-->src\main\AndroidManifest.xml:59:9-61:40
75            android:name="com.example.ieperuanosuizoapp.RegisterPart2"
75-->src\main\AndroidManifest.xml:60:13-42
76            android:exported="false" />
76-->src\main\AndroidManifest.xml:61:13-37
77        <activity
77-->src\main\AndroidManifest.xml:62:9-64:40
78            android:name="com.example.ieperuanosuizoapp.AuthRegister"
78-->src\main\AndroidManifest.xml:63:13-41
79            android:exported="false" />
79-->src\main\AndroidManifest.xml:64:13-37
80        <activity
80-->src\main\AndroidManifest.xml:65:9-67:40
81            android:name="com.example.ieperuanosuizoapp.AuthLogin"
81-->src\main\AndroidManifest.xml:66:13-38
82            android:exported="false" />
82-->src\main\AndroidManifest.xml:67:13-37
83        <activity
83-->src\main\AndroidManifest.xml:68:9-70:39
84            android:name="com.example.ieperuanosuizoapp.MainActivity"
84-->src\main\AndroidManifest.xml:69:13-41
85            android:exported="true" />
85-->src\main\AndroidManifest.xml:70:13-36
86
87        <service
87-->[androidx.camera:camera-camera2:1.3.0] AndroidManifest.xml:24:9-33:19
88            android:name="androidx.camera.core.impl.MetadataHolderService"
88-->[androidx.camera:camera-camera2:1.3.0] AndroidManifest.xml:25:13-75
89            android:enabled="false"
89-->[androidx.camera:camera-camera2:1.3.0] AndroidManifest.xml:26:13-36
90            android:exported="false" >
90-->[androidx.camera:camera-camera2:1.3.0] AndroidManifest.xml:27:13-37
91            <meta-data
91-->[androidx.camera:camera-camera2:1.3.0] AndroidManifest.xml:30:13-32:89
92                android:name="androidx.camera.core.impl.MetadataHolderService.DEFAULT_CONFIG_PROVIDER"
92-->[androidx.camera:camera-camera2:1.3.0] AndroidManifest.xml:31:17-103
93                android:value="androidx.camera.camera2.Camera2Config$DefaultProvider" />
93-->[androidx.camera:camera-camera2:1.3.0] AndroidManifest.xml:32:17-86
94        </service>
95        <service
95-->[com.google.android.gms:play-services-mlkit-barcode-scanning:18.3.0] AndroidManifest.xml:9:9-15:19
96            android:name="com.google.mlkit.common.internal.MlKitComponentDiscoveryService"
96-->[com.google.android.gms:play-services-mlkit-barcode-scanning:18.3.0] AndroidManifest.xml:10:13-91
97            android:directBootAware="true"
97-->[com.google.mlkit:common:18.9.0] AndroidManifest.xml:17:13-43
98            android:exported="false" >
98-->[com.google.android.gms:play-services-mlkit-barcode-scanning:18.3.0] AndroidManifest.xml:11:13-37
99            <meta-data
99-->[com.google.android.gms:play-services-mlkit-barcode-scanning:18.3.0] AndroidManifest.xml:12:13-14:85
100                android:name="com.google.firebase.components:com.google.mlkit.vision.barcode.internal.BarcodeRegistrar"
100-->[com.google.android.gms:play-services-mlkit-barcode-scanning:18.3.0] AndroidManifest.xml:13:17-120
101                android:value="com.google.firebase.components.ComponentRegistrar" />
101-->[com.google.android.gms:play-services-mlkit-barcode-scanning:18.3.0] AndroidManifest.xml:14:17-82
102            <meta-data
102-->[com.google.mlkit:vision-common:17.3.0] AndroidManifest.xml:12:13-14:85
103                android:name="com.google.firebase.components:com.google.mlkit.vision.common.internal.VisionCommonRegistrar"
103-->[com.google.mlkit:vision-common:17.3.0] AndroidManifest.xml:13:17-124
104                android:value="com.google.firebase.components.ComponentRegistrar" />
104-->[com.google.mlkit:vision-common:17.3.0] AndroidManifest.xml:14:17-82
105            <meta-data
105-->[com.google.mlkit:common:18.9.0] AndroidManifest.xml:20:13-22:85
106                android:name="com.google.firebase.components:com.google.mlkit.common.internal.CommonComponentRegistrar"
106-->[com.google.mlkit:common:18.9.0] AndroidManifest.xml:21:17-120
107                android:value="com.google.firebase.components.ComponentRegistrar" />
107-->[com.google.mlkit:common:18.9.0] AndroidManifest.xml:22:17-82
108        </service>
109
110        <provider
110-->[com.google.mlkit:common:18.9.0] AndroidManifest.xml:9:9-13:38
111            android:name="com.google.mlkit.common.internal.MlKitInitProvider"
111-->[com.google.mlkit:common:18.9.0] AndroidManifest.xml:10:13-78
112            android:authorities="com.example.ieperuanosuizoapp.mlkitinitprovider"
112-->[com.google.mlkit:common:18.9.0] AndroidManifest.xml:11:13-69
113            android:exported="false"
113-->[com.google.mlkit:common:18.9.0] AndroidManifest.xml:12:13-37
114            android:initOrder="99" />
114-->[com.google.mlkit:common:18.9.0] AndroidManifest.xml:13:13-35
115
116        <activity
116-->[com.google.android.gms:play-services-base:18.1.0] AndroidManifest.xml:20:9-22:45
117            android:name="com.google.android.gms.common.api.GoogleApiActivity"
117-->[com.google.android.gms:play-services-base:18.1.0] AndroidManifest.xml:20:19-85
118            android:exported="false"
118-->[com.google.android.gms:play-services-base:18.1.0] AndroidManifest.xml:22:19-43
119            android:theme="@android:style/Theme.Translucent.NoTitleBar" />
119-->[com.google.android.gms:play-services-base:18.1.0] AndroidManifest.xml:21:19-78
120
121        <meta-data
121-->[com.google.android.gms:play-services-basement:18.1.0] AndroidManifest.xml:21:9-23:69
122            android:name="com.google.android.gms.version"
122-->[com.google.android.gms:play-services-basement:18.1.0] AndroidManifest.xml:22:13-58
123            android:value="@integer/google_play_services_version" />
123-->[com.google.android.gms:play-services-basement:18.1.0] AndroidManifest.xml:23:13-66
124
125        <provider
125-->[androidx.emoji2:emoji2:1.2.0] AndroidManifest.xml:24:9-32:20
126            android:name="androidx.startup.InitializationProvider"
126-->[androidx.emoji2:emoji2:1.2.0] AndroidManifest.xml:25:13-67
127            android:authorities="com.example.ieperuanosuizoapp.androidx-startup"
127-->[androidx.emoji2:emoji2:1.2.0] AndroidManifest.xml:26:13-68
128            android:exported="false" >
128-->[androidx.emoji2:emoji2:1.2.0] AndroidManifest.xml:27:13-37
129            <meta-data
129-->[androidx.emoji2:emoji2:1.2.0] AndroidManifest.xml:29:13-31:52
130                android:name="androidx.emoji2.text.EmojiCompatInitializer"
130-->[androidx.emoji2:emoji2:1.2.0] AndroidManifest.xml:30:17-75
131                android:value="androidx.startup" />
131-->[androidx.emoji2:emoji2:1.2.0] AndroidManifest.xml:31:17-49
132            <meta-data
132-->[androidx.lifecycle:lifecycle-process:2.6.1] AndroidManifest.xml:29:13-31:52
133                android:name="androidx.lifecycle.ProcessLifecycleInitializer"
133-->[androidx.lifecycle:lifecycle-process:2.6.1] AndroidManifest.xml:30:17-78
134                android:value="androidx.startup" />
134-->[androidx.lifecycle:lifecycle-process:2.6.1] AndroidManifest.xml:31:17-49
135            <meta-data
135-->[androidx.profileinstaller:profileinstaller:1.3.0] AndroidManifest.xml:29:13-31:52
136                android:name="androidx.profileinstaller.ProfileInstallerInitializer"
136-->[androidx.profileinstaller:profileinstaller:1.3.0] AndroidManifest.xml:30:17-85
137                android:value="androidx.startup" />
137-->[androidx.profileinstaller:profileinstaller:1.3.0] AndroidManifest.xml:31:17-49
138        </provider>
139
140        <receiver
140-->[androidx.profileinstaller:profileinstaller:1.3.0] AndroidManifest.xml:34:9-52:20
141            android:name="androidx.profileinstaller.ProfileInstallReceiver"
141-->[androidx.profileinstaller:profileinstaller:1.3.0] AndroidManifest.xml:35:13-76
142            android:directBootAware="false"
142-->[androidx.profileinstaller:profileinstaller:1.3.0] AndroidManifest.xml:36:13-44
143            android:enabled="true"
143-->[androidx.profileinstaller:profileinstaller:1.3.0] AndroidManifest.xml:37:13-35
144            android:exported="true"
144-->[androidx.profileinstaller:profileinstaller:1.3.0] AndroidManifest.xml:38:13-36
145            android:permission="android.permission.DUMP" >
145-->[androidx.profileinstaller:profileinstaller:1.3.0] AndroidManifest.xml:39:13-57
146            <intent-filter>
146-->[androidx.profileinstaller:profileinstaller:1.3.0] AndroidManifest.xml:40:13-42:29
147                <action android:name="androidx.profileinstaller.action.INSTALL_PROFILE" />
147-->[androidx.profileinstaller:profileinstaller:1.3.0] AndroidManifest.xml:41:17-91
147-->[androidx.profileinstaller:profileinstaller:1.3.0] AndroidManifest.xml:41:25-88
148            </intent-filter>
149            <intent-filter>
149-->[androidx.profileinstaller:profileinstaller:1.3.0] AndroidManifest.xml:43:13-45:29
150                <action android:name="androidx.profileinstaller.action.SKIP_FILE" />
150-->[androidx.profileinstaller:profileinstaller:1.3.0] AndroidManifest.xml:44:17-85
150-->[androidx.profileinstaller:profileinstaller:1.3.0] AndroidManifest.xml:44:25-82
151            </intent-filter>
152            <intent-filter>
152-->[androidx.profileinstaller:profileinstaller:1.3.0] AndroidManifest.xml:46:13-48:29
153                <action android:name="androidx.profileinstaller.action.SAVE_PROFILE" />
153-->[androidx.profileinstaller:profileinstaller:1.3.0] AndroidManifest.xml:47:17-88
153-->[androidx.profileinstaller:profileinstaller:1.3.0] AndroidManifest.xml:47:25-85
154            </intent-filter>
155            <intent-filter>
155-->[androidx.profileinstaller:profileinstaller:1.3.0] AndroidManifest.xml:49:13-51:29
156                <action android:name="androidx.profileinstaller.action.BENCHMARK_OPERATION" />
156-->[androidx.profileinstaller:profileinstaller:1.3.0] AndroidManifest.xml:50:17-95
156-->[androidx.profileinstaller:profileinstaller:1.3.0] AndroidManifest.xml:50:25-92
157            </intent-filter>
158        </receiver>
159
160        <service
160-->[com.google.android.datatransport:transport-backend-cct:2.3.3] AndroidManifest.xml:29:9-35:19
161            android:name="com.google.android.datatransport.runtime.backends.TransportBackendDiscovery"
161-->[com.google.android.datatransport:transport-backend-cct:2.3.3] AndroidManifest.xml:30:13-103
162            android:exported="false" >
162-->[com.google.android.datatransport:transport-backend-cct:2.3.3] AndroidManifest.xml:31:13-37
163            <meta-data
163-->[com.google.android.datatransport:transport-backend-cct:2.3.3] AndroidManifest.xml:32:13-34:39
164                android:name="backend:com.google.android.datatransport.cct.CctBackendFactory"
164-->[com.google.android.datatransport:transport-backend-cct:2.3.3] AndroidManifest.xml:33:17-94
165                android:value="cct" />
165-->[com.google.android.datatransport:transport-backend-cct:2.3.3] AndroidManifest.xml:34:17-36
166        </service>
167        <service
167-->[com.google.android.datatransport:transport-runtime:2.2.6] AndroidManifest.xml:26:9-30:19
168            android:name="com.google.android.datatransport.runtime.scheduling.jobscheduling.JobInfoSchedulerService"
168-->[com.google.android.datatransport:transport-runtime:2.2.6] AndroidManifest.xml:27:13-117
169            android:exported="false"
169-->[com.google.android.datatransport:transport-runtime:2.2.6] AndroidManifest.xml:28:13-37
170            android:permission="android.permission.BIND_JOB_SERVICE" >
170-->[com.google.android.datatransport:transport-runtime:2.2.6] AndroidManifest.xml:29:13-69
171        </service>
172
173        <receiver
173-->[com.google.android.datatransport:transport-runtime:2.2.6] AndroidManifest.xml:32:9-34:40
174            android:name="com.google.android.datatransport.runtime.scheduling.jobscheduling.AlarmManagerSchedulerBroadcastReceiver"
174-->[com.google.android.datatransport:transport-runtime:2.2.6] AndroidManifest.xml:33:13-132
175            android:exported="false" />
175-->[com.google.android.datatransport:transport-runtime:2.2.6] AndroidManifest.xml:34:13-37
176    </application>
177
178</manifest>